[2018-12-09 21:56:49] local.ERROR: Database (database.sqlite3) does not exist. (SQL: PRAGMA foreign_keys = ON;) {"exception":"[object] (Illuminate\\Database\\QueryException(code: 0): Database (database.sqlite3) does not exist. (SQL: PRAGMA foreign_keys = ON;) at /home/zvonimir/Desktop/Projekti/Posao/Mina Malbasic/Saksijsko_Cvece/vendor/laravel/framework/src/Illuminate/Database/Connection.php:664, InvalidArgumentException(code: 0): Database (database.sqlite3) does not exist. at /home/zvonimir/Desktop/Projekti/Posao/Mina Malbasic/Saksijsko_Cvece/vendor/laravel/framework/src/Illuminate/Database/Connectors/SQLiteConnector.php:34)
[stacktrace]
#0 /home/zvonimir/Desktop/Projekti/Posao/Mina Malbasic/Saksijsko_Cvece/vendor/laravel/framework/src/Illuminate/Database/Connection.php(624): Illuminate\\Database\\Connection->runQueryCallback('PRAGMA foreign_...', Array, Object(Closure))
#1 /home/zvonimir/Desktop/Projekti/Posao/Mina Malbasic/Saksijsko_Cvece/vendor/laravel/framework/src/Illuminate/Database/Connection.php(459): Illuminate\\Database\\Connection->run('PRAGMA foreign_...', Array, Object(Closure))
#2 /home/zvonimir/Desktop/Projekti/Posao/Mina Malbasic/Saksijsko_Cvece/vendor/laravel/framework/src/Illuminate/Database/Schema/Builder.php(240): Illuminate\\Database\\Connection->statement('PRAGMA foreign_...')
#3 /home/zvonimir/Desktop/Projekti/Posao/Mina Malbasic/Saksijsko_Cvece/vendor/laravel/framework/src/Illuminate/Database/SQLiteConnection.php(33): Illuminate\\Database\\Schema\\Builder->enableForeignKeyConstraints()
#4 /home/zvonimir/Desktop/Projekti/Posao/Mina Malbasic/Saksijsko_Cvece/vendor/laravel/framework/src/Illuminate/Database/Connectors/ConnectionFactory.php(278): Illuminate\\Database\\SQLiteConnection->__construct(Object(Closure), 'database.sqlite...', '', Array)
#5 /home/zvonimir/Desktop/Projekti/Posao/Mina Malbasic/Saksijsko_Cvece/vendor/laravel/framework/src/Illuminate/Database/Connectors/ConnectionFactory.php(76): Illuminate\\Database\\Connectors\\ConnectionFactory->createConnection('sqlite', Object(Closure), 'database.sqlite...', '', Array)
#6 /home/zvonimir/Desktop/Projekti/Posao/Mina Malbasic/Saksijsko_Cvece/vendor/laravel/framework/src/Illuminate/Database/Connectors/ConnectionFactory.php(50): Illuminate\\Database\\Connectors\\ConnectionFactory->createSingleConnection(Array)
#7 /home/zvonimir/Desktop/Projekti/Posao/Mina Malbasic/Saksijsko_Cvece/vendor/laravel/framework/src/Illuminate/Database/DatabaseManager.php(119): Illuminate\\Database\\Connectors\\ConnectionFactory->make(Array, 'sqlite')
#8 /home/zvonimir/Desktop/Projekti/Posao/Mina Malbasic/Saksijsko_Cvece/vendor/laravel/framework/src/Illuminate/Database/DatabaseManager.php(74): Illuminate\\Database\\DatabaseManager->makeConnection('sqlite')
#9 /home/zvonimir/Desktop/Projekti/Posao/Mina Malbasic/Saksijsko_Cvece/vendor/laravel/framework/src/Illuminate/Database/Eloquent/Model.php(1239): Illuminate\\Database\\DatabaseManager->connection('sqlite')
#10 /home/zvonimir/Desktop/Projekti/Posao/Mina Malbasic/Saksijsko_Cvece/vendor/laravel/framework/src/Illuminate/Database/Eloquent/Model.php(1205): Illuminate\\Database\\Eloquent\\Model::resolveConnection(NULL)
#11 /home/zvonimir/Desktop/Projekti/Posao/Mina Malbasic/Saksijsko_Cvece/vendor/laravel/framework/src/Illuminate/Database/Eloquent/Model.php(1035): Illuminate\\Database\\Eloquent\\Model->getConnection()
#12 /home/zvonimir/Desktop/Projekti/Posao/Mina Malbasic/Saksijsko_Cvece/vendor/laravel/framework/src/Illuminate/Database/Eloquent/Model.php(952): Illuminate\\Database\\Eloquent\\Model->newBaseQueryBuilder()
#13 /home/zvonimir/Desktop/Projekti/Posao/Mina Malbasic/Saksijsko_Cvece/vendor/laravel/framework/src/Illuminate/Database/Eloquent/Model.php(988): Illuminate\\Database\\Eloquent\\Model->newModelQuery()
#14 /home/zvonimir/Desktop/Projekti/Posao/Mina Malbasic/Saksijsko_Cvece/vendor/laravel/framework/src/Illuminate/Database/Eloquent/Model.php(941): Illuminate\\Database\\Eloquent\\Model->newQueryWithoutScopes()
#15 /home/zvonimir/Desktop/Projekti/Posao/Mina Malbasic/Saksijsko_Cvece/vendor/laravel/framework/src/Illuminate/Database/Eloquent/Model.php(460): Illuminate\\Database\\Eloquent\\Model->newQuery()
#16 /home/zvonimir/Desktop/Projekti/Posao/Mina Malbasic/Saksijsko_Cvece/routes/web.php(34): Illuminate\\Database\\Eloquent\\Model::all()
#17 /home/zvonimir/Desktop/Projekti/Posao/Mina Malbasic/Saksijsko_Cvece/vendor/laravel/framework/src/Illuminate/Routing/Route.php(198): Illuminate\\Routing\\Router->{closure}()
#18 /home/zvonimir/Desktop/Projekti/Posao/Mina Malbasic/Saksijsko_Cvece/vendor/laravel/framework/src/Illuminate/Routing/Route.php(172): Illuminate\\Routing\\Route->runCallable()
#19 /home/zvonimir/Desktop/Projekti/Posao/Mina Malbasic/Saksijsko_Cvece/vendor/laravel/framework/src/Illuminate/Routing/Router.php(679): Illuminate\\Routing\\Route->run()
#20 /home/zvonimir/Desktop/Projekti/Posao/Mina Malbasic/Saksijsko_Cvece/vendor/laravel/framework/src/Illuminate/Routing/Pipeline.php(30): Illuminate\\Routing\\Router->Illuminate\\Routing\\{closure}(Object(Illuminate\\Http\\Request))
#21 /home/zvonimir/Desktop/Projekti/Posao/Mina Malbasic/Saksijsko_Cvece/vendor/laravel/framework/src/Illuminate/Routing/Middleware/SubstituteBindings.php(41): Illuminate\\Routing\\Pipeline->Illuminate\\Routing\\{closure}(Object(Illuminate\\Http\\Request))
#22 /home/zvonimir/Desktop/Projekti/Posao/Mina Malbasic/Saksijsko_Cvece/vendor/laravel/framework/src/Illuminate/Pipeline/Pipeline.php(151): Illuminate\\Routing\\Middleware\\SubstituteBindings->handle(Object(Illuminate\\Http\\Request), Object(Closure))
#23 /home/zvonimir/Desktop/Projekti/Posao/Mina Malbasic/Saksijsko_Cvece/vendor/laravel/framework/src/Illuminate/Routing/Pipeline.php(53): Illuminate\\Pipeline\\Pipeline->Illuminate\\Pipeline\\{closure}(Object(Illuminate\\Http\\Request))
#24 /home/zvonimir/Desktop/Projekti/Posao/Mina Malbasic/Saksijsko_Cvece/vendor/laravel/framework/src/Illuminate/Foundation/Http/Middleware/VerifyCsrfToken.php(75): Illuminate\\Routing\\Pipeline->Illuminate\\Routing\\{closure}(Object(Illuminate\\Http\\Request))
#25 /home/zvonimir/Desktop/Projekti/Posao/Mina Malbasic/Saksijsko_Cvece/vendor/laravel/framework/src/Illuminate/Pipeline/Pipeline.php(151): Illuminate\\Foundation\\Http\\Middleware\\VerifyCsrfToken->handle(Object(Illuminate\\Http\\Request), Object(Closure))
#26 /home/zvonimir/Desktop/Projekti/Posao/Mina Malbasic/Saksijsko_Cvece/vendor/laravel/framework/src/Illuminate/Routing/Pipeline.php(53): Illuminate\\Pipeline\\Pipeline->Illuminate\\Pipeline\\{closure}(Object(Illuminate\\Http\\Request))
#27 /home/zvonimir/Desktop/Projekti/Posao/Mina Malbasic/Saksijsko_Cvece/vendor/laravel/framework/src/Illuminate/View/Middleware/ShareErrorsFromSession.php(49): Illuminate\\Routing\\Pipeline->Illuminate\\Routing\\{closure}(Object(Illuminate\\Http\\Request))
#28 /home/zvonimir/Desktop/Projekti/Posao/Mina Malbasic/Saksijsko_Cvece/vendor/laravel/framework/src/Illuminate/Pipeline/Pipeline.php(151): Illuminate\\View\\Middleware\\ShareErrorsFromSession->handle(Object(Illuminate\\Http\\Request), Object(Closure))
#29 /home/zvonimir/Desktop/Projekti/Posao/Mina Malbasic/Saksijsko_Cvece/vendor/laravel/framework/src/Illuminate/Routing/Pipeline.php(53): Illuminate\\Pipeline\\Pipeline->Illuminate\\Pipeline\\{closure}(Object(Illuminate\\Http\\Request))
#30 /home/zvonimir/Desktop/Projekti/Posao/Mina Malbasic/Saksijsko_Cvece/vendor/laravel/framework/src/Illuminate/Session/Middleware/StartSession.php(63): Illuminate\\Routing\\Pipeline->Illuminate\\Routing\\{closure}(Object(Illuminate\\Http\\Request))
#31 /home/zvonimir/Desktop/Projekti/Posao/Mina Malbasic/Saksijsko_Cvece/vendor/laravel/framework/src/Illuminate/Pipeline/Pipeline.php(151): Illuminate\\Session\\Middleware\\StartSession->handle(Object(Illuminate\\Http\\Request), Object(Closure))
#32 /home/zvonimir/Desktop/Projekti/Posao/Mina Malbasic/Saksijsko_Cvece/vendor/laravel/framework/src/Illuminate/Routing/Pipeline.php(53): Illuminate\\Pipeline\\Pipeline->Illuminate\\Pipeline\\{closure}(Object(Illuminate\\Http\\Request))
#33 /home/zvonimir/Desktop/Projekti/Posao/Mina Malbasic/Saksijsko_Cvece/vendor/laravel/framework/src/Illuminate/Cookie/Middleware/AddQueuedCookiesToResponse.php(37): Illuminate\\Routing\\Pipeline->Illuminate\\Routing\\{closure}(Object(Illuminate\\Http\\Request))
#34 /home/zvonimir/Desktop/Projekti/Posao/Mina Malbasic/Saksijsko_Cvece/vendor/laravel/framework/src/Illuminate/Pipeline/Pipeline.php(151): Illuminate\\Cookie\\Middleware\\AddQueuedCookiesToResponse->handle(Object(Illuminate\\Http\\Request), Object(Closure))
#35 /home/zvonimir/Desktop/Projekti/Posao/Mina Malbasic/Saksijsko_Cvece/vendor/laravel/framework/src/Illuminate/Routing/Pipeline.php(53): Illuminate\\Pipeline\\Pipeline->Illuminate\\Pipeline\\{closure}(Object(Illuminate\\Http\\Request))
#36 /home/zvonimir/Desktop/Projekti/Posao/Mina Malbasic/Saksijsko_Cvece/vendor/laravel/framework/src/Illuminate/Cookie/Middleware/EncryptCookies.php(66): Illuminate\\Routing\\Pipeline->Illuminate\\Routing\\{closure}(Object(Illuminate\\Http\\Request))
#37 /home/zvonimir/Desktop/Projekti/Posao/Mina Malbasic/Saksijsko_Cvece/vendor/laravel/framework/src/Illuminate/Pipeline/Pipeline.php(151): Illuminate\\Cookie\\Middleware\\EncryptCookies->handle(Object(Illuminate\\Http\\Request), Object(Closure))
#38 /home/zvonimir/Desktop/Projekti/Posao/Mina Malbasic/Saksijsko_Cvece/vendor/laravel/framework/src/Illuminate/Routing/Pipeline.php(53): Illuminate\\Pipeline\\Pipeline->Illuminate\\Pipeline\\{closure}(Object(Illuminate\\Http\\Request))
#39 /home/zvonimir/Desktop/Projekti/Posao/Mina Malbasic/Saksijsko_Cvece/vendor/laravel/framework/src/Illuminate/Pipeline/Pipeline.php(104): Illuminate\\Routing\\Pipeline->Illuminate\\Routing\\{closure}(Object(Illuminate\\Http\\Request))
#40 /home/zvonimir/Desktop/Projekti/Posao/Mina Malbasic/Saksijsko_Cvece/vendor/laravel/framework/src/Illuminate/Routing/Router.php(681): Illuminate\\Pipeline\\Pipeline->then(Object(Closure))
#41 /home/zvonimir/Desktop/Projekti/Posao/Mina Malbasic/Saksijsko_Cvece/vendor/laravel/framework/src/Illuminate/Routing/Router.php(656): Illuminate\\Routing\\Router->runRouteWithinStack(Object(Illuminate\\Routing\\Route), Object(Illuminate\\Http\\Request))
#42 /home/zvonimir/Desktop/Projekti/Posao/Mina Malbasic/Saksijsko_Cvece/vendor/laravel/framework/src/Illuminate/Routing/Router.php(622): Illuminate\\Routing\\Router->runRoute(Object(Illuminate\\Http\\Request), Object(Illuminate\\Routing\\Route))
#43 /home/zvonimir/Desktop/Projekti/Posao/Mina Malbasic/Saksijsko_Cvece/vendor/laravel/framework/src/Illuminate/Routing/Router.php(611): Illuminate\\Routing\\Router->dispatchToRoute(Object(Illuminate\\Http\\Request))
#44 /home/zvonimir/Desktop/Projekti/Posao/Mina Malbasic/Saksijsko_Cvece/vendor/laravel/framework/src/Illuminate/Foundation/Http/Kernel.php(176): Illuminate\\Routing\\Router->dispatch(Object(Illuminate\\Http\\Request))
#45 /home/zvonimir/Desktop/Projekti/Posao/Mina Malbasic/Saksijsko_Cvece/vendor/laravel/framework/src/Illuminate/Routing/Pipeline.php(30): Illuminate\\Foundation\\Http\\Kernel->Illuminate\\Foundation\\Http\\{closure}(Object(Illuminate\\Http\\Request))
#46 /home/zvonimir/Desktop/Projekti/Posao/Mina Malbasic/Saksijsko_Cvece/vendor/fideloper/proxy/src/TrustProxies.php(57): Illuminate\\Routing\\Pipeline->Illuminate\\Routing\\{closure}(Object(Illuminate\\Http\\Request))
#47 /home/zvonimir/Desktop/Projekti/Posao/Mina Malbasic/Saksijsko_Cvece/vendor/laravel/framework/src/Illuminate/Pipeline/Pipeline.php(151): Fideloper\\Proxy\\TrustProxies->handle(Object(Illuminate\\Http\\Request), Object(Closure))
#48 /home/zvonimir/Desktop/Projekti/Posao/Mina Malbasic/Saksijsko_Cvece/vendor/laravel/framework/src/Illuminate/Routing/Pipeline.php(53): Illuminate\\Pipeline\\Pipeline->Illuminate\\Pipeline\\{closure}(Object(Illuminate\\Http\\Request))
#49 /home/zvonimir/Desktop/Projekti/Posao/Mina Malbasic/Saksijsko_Cvece/vendor/laravel/framework/src/Illuminate/Foundation/Http/Middleware/TransformsRequest.php(31): Illuminate\\Routing\\Pipeline->Illuminate\\Routing\\{closure}(Object(Illuminate\\Http\\Request))
#50 /home/zvonimir/Desktop/Projekti/Posao/Mina Malbasic/Saksijsko_Cvece/vendor/laravel/framework/src/Illuminate/Pipeline/Pipeline.php(151): Illuminate\\Foundation\\Http\\Middleware\\TransformsRequest->handle(Object(Illuminate\\Http\\Request), Object(Closure))
#51 /home/zvonimir/Desktop/Projekti/Posao/Mina Malbasic/Saksijsko_Cvece/vendor/laravel/framework/src/Illuminate/Routing/Pipeline.php(53): Illuminate\\Pipeline\\Pipeline->Illuminate\\Pipeline\\{closure}(Object(Illuminate\\Http\\Request))
#52 /home/zvonimir/Desktop/Projekti/Posao/Mina Malbasic/Saksijsko_Cvece/vendor/laravel/framework/src/Illuminate/Foundation/Http/Middleware/TransformsRequest.php(31): Illuminate\\Routing\\Pipeline->Illuminate\\Routing\\{closure}(Object(Illuminate\\Http\\Request))
#53 /home/zvonimir/Desktop/Projekti/Posao/Mina Malbasic/Saksijsko_Cvece/vendor/laravel/framework/src/Illuminate/Pipeline/Pipeline.php(151): Illuminate\\Foundation\\Http\\Middleware\\TransformsRequest->handle(Object(Illuminate\\Http\\Request), Object(Closure))
#54 /home/zvonimir/Desktop/Projekti/Posao/Mina Malbasic/Saksijsko_Cvece/vendor/laravel/framework/src/Illuminate/Routing/Pipeline.php(53): Illuminate\\Pipeline\\Pipeline->Illuminate\\Pipeline\\{closure}(Object(Illuminate\\Http\\Request))
#55 /home/zvonimir/Desktop/Projekti/Posao/Mina Malbasic/Saksijsko_Cvece/vendor/laravel/framework/src/Illuminate/Foundation/Http/Middleware/ValidatePostSize.php(27): Illuminate\\Routing\\Pipeline->Illuminate\\Routing\\{closure}(Object(Illuminate\\Http\\Request))
#56 /home/zvonimir/Desktop/Projekti/Posao/Mina Malbasic/Saksijsko_Cvece/vendor/laravel/framework/src/Illuminate/Pipeline/Pipeline.php(151): Illuminate\\Foundation\\Http\\Middleware\\ValidatePostSize->handle(Object(Illuminate\\Http\\Request), Object(Closure))
#57 /home/zvonimir/Desktop/Projekti/Posao/Mina Malbasic/Saksijsko_Cvece/vendor/laravel/framework/src/Illuminate/Routing/Pipeline.php(53): Illuminate\\Pipeline\\Pipeline->Illuminate\\Pipeline\\{closure}(Object(Illuminate\\Http\\Request))
#58 /home/zvonimir/Desktop/Projekti/Posao/Mina Malbasic/Saksijsko_Cvece/vendor/laravel/framework/src/Illuminate/Foundation/Http/Middleware/CheckForMaintenanceMode.php(62): Illuminate\\Routing\\Pipeline->Illuminate\\Routing\\{closure}(Object(Illuminate\\Http\\Request))
#59 /home/zvonimir/Desktop/Projekti/Posao/Mina Malbasic/Saksijsko_Cvece/vendor/laravel/framework/src/Illuminate/Pipeline/Pipeline.php(151): Illuminate\\Foundation\\Http\\Middleware\\CheckForMaintenanceMode->handle(Object(Illuminate\\Http\\Request), Object(Closure))
#60 /home/zvonimir/Desktop/Projekti/Posao/Mina Malbasic/Saksijsko_Cvece/vendor/laravel/framework/src/Illuminate/Routing/Pipeline.php(53): Illuminate\\Pipeline\\Pipeline->Illuminate\\Pipeline\\{closure}(Object(Illuminate\\Http\\Request))
#61 /home/zvonimir/Desktop/Projekti/Posao/Mina Malbasic/Saksijsko_Cvece/vendor/laravel/framework/src/Illuminate/Pipeline/Pipeline.php(104): Illuminate\\Routing\\Pipeline->Illuminate\\Routing\\{closure}(Object(Illuminate\\Http\\Request))
#62 /home/zvonimir/Desktop/Projekti/Posao/Mina Malbasic/Saksijsko_Cvece/vendor/laravel/framework/src/Illuminate/Foundation/Http/Kernel.php(151): Illuminate\\Pipeline\\Pipeline->then(Object(Closure))
#63 /home/zvonimir/Desktop/Projekti/Posao/Mina Malbasic/Saksijsko_Cvece/vendor/laravel/framework/src/Illuminate/Foundation/Http/Kernel.php(116): Illuminate\\Foundation\\Http\\Kernel->sendRequestThroughRouter(Object(Illuminate\\Http\\Request))
#64 /home/zvonimir/Desktop/Projekti/Posao/Mina Malbasic/Saksijsko_Cvece/public/index.php(55): Illuminate\\Foundation\\Http\\Kernel->handle(Object(Illuminate\\Http\\Request))
#65 /home/zvonimir/Desktop/Projekti/Posao/Mina Malbasic/Saksijsko_Cvece/server.php(21): require_once('/home/zvonimir/...')
#66 {main}
"} 
[2018-12-09 21:57:11] local.ERROR: Database (database.sqlite3) does not exist. (SQL: PRAGMA foreign_keys = ON;) {"exception":"[object] (Illuminate\\Database\\QueryException(code: 0): Database (database.sqlite3) does not exist. (SQL: PRAGMA foreign_keys = ON;) at /home/zvonimir/Desktop/Projekti/Posao/Mina Malbasic/Saksijsko_Cvece/vendor/laravel/framework/src/Illuminate/Database/Connection.php:664, InvalidArgumentException(code: 0): Database (database.sqlite3) does not exist. at /home/zvonimir/Desktop/Projekti/Posao/Mina Malbasic/Saksijsko_Cvece/vendor/laravel/framework/src/Illuminate/Database/Connectors/SQLiteConnector.php:34)
[stacktrace]
#0 /home/zvonimir/Desktop/Projekti/Posao/Mina Malbasic/Saksijsko_Cvece/vendor/laravel/framework/src/Illuminate/Database/Connection.php(624): Illuminate\\Database\\Connection->runQueryCallback('PRAGMA foreign_...', Array, Object(Closure))
#1 /home/zvonimir/Desktop/Projekti/Posao/Mina Malbasic/Saksijsko_Cvece/vendor/laravel/framework/src/Illuminate/Database/Connection.php(459): Illuminate\\Database\\Connection->run('PRAGMA foreign_...', Array, Object(Closure))
#2 /home/zvonimir/Desktop/Projekti/Posao/Mina Malbasic/Saksijsko_Cvece/vendor/laravel/framework/src/Illuminate/Database/Schema/Builder.php(240): Illuminate\\Database\\Connection->statement('PRAGMA foreign_...')
#3 /home/zvonimir/Desktop/Projekti/Posao/Mina Malbasic/Saksijsko_Cvece/vendor/laravel/framework/src/Illuminate/Database/SQLiteConnection.php(33): Illuminate\\Database\\Schema\\Builder->enableForeignKeyConstraints()
#4 /home/zvonimir/Desktop/Projekti/Posao/Mina Malbasic/Saksijsko_Cvece/vendor/laravel/framework/src/Illuminate/Database/Connectors/ConnectionFactory.php(278): Illuminate\\Database\\SQLiteConnection->__construct(Object(Closure), 'database.sqlite...', '', Array)
#5 /home/zvonimir/Desktop/Projekti/Posao/Mina Malbasic/Saksijsko_Cvece/vendor/laravel/framework/src/Illuminate/Database/Connectors/ConnectionFactory.php(76): Illuminate\\Database\\Connectors\\ConnectionFactory->createConnection('sqlite', Object(Closure), 'database.sqlite...', '', Array)
#6 /home/zvonimir/Desktop/Projekti/Posao/Mina Malbasic/Saksijsko_Cvece/vendor/laravel/framework/src/Illuminate/Database/Connectors/ConnectionFactory.php(50): Illuminate\\Database\\Connectors\\ConnectionFactory->createSingleConnection(Array)
#7 /home/zvonimir/Desktop/Projekti/Posao/Mina Malbasic/Saksijsko_Cvece/vendor/laravel/framework/src/Illuminate/Database/DatabaseManager.php(119): Illuminate\\Database\\Connectors\\ConnectionFactory->make(Array, 'sqlite')
#8 /home/zvonimir/Desktop/Projekti/Posao/Mina Malbasic/Saksijsko_Cvece/vendor/laravel/framework/src/Illuminate/Database/DatabaseManager.php(74): Illuminate\\Database\\DatabaseManager->makeConnection('sqlite')
#9 /home/zvonimir/Desktop/Projekti/Posao/Mina Malbasic/Saksijsko_Cvece/vendor/laravel/framework/src/Illuminate/Database/Eloquent/Model.php(1239): Illuminate\\Database\\DatabaseManager->connection('sqlite')
#10 /home/zvonimir/Desktop/Projekti/Posao/Mina Malbasic/Saksijsko_Cvece/vendor/laravel/framework/src/Illuminate/Database/Eloquent/Model.php(1205): Illuminate\\Database\\Eloquent\\Model::resolveConnection(NULL)
#11 /home/zvonimir/Desktop/Projekti/Posao/Mina Malbasic/Saksijsko_Cvece/vendor/laravel/framework/src/Illuminate/Database/Eloquent/Model.php(1035): Illuminate\\Database\\Eloquent\\Model->getConnection()
#12 /home/zvonimir/Desktop/Projekti/Posao/Mina Malbasic/Saksijsko_Cvece/vendor/laravel/framework/src/Illuminate/Database/Eloquent/Model.php(952): Illuminate\\Database\\Eloquent\\Model->newBaseQueryBuilder()
#13 /home/zvonimir/Desktop/Projekti/Posao/Mina Malbasic/Saksijsko_Cvece/vendor/laravel/framework/src/Illuminate/Database/Eloquent/Model.php(988): Illuminate\\Database\\Eloquent\\Model->newModelQuery()
#14 /home/zvonimir/Desktop/Projekti/Posao/Mina Malbasic/Saksijsko_Cvece/vendor/laravel/framework/src/Illuminate/Database/Eloquent/Model.php(941): Illuminate\\Database\\Eloquent\\Model->newQueryWithoutScopes()
#15 /home/zvonimir/Desktop/Projekti/Posao/Mina Malbasic/Saksijsko_Cvece/vendor/laravel/framework/src/Illuminate/Database/Eloquent/Model.php(460): Illuminate\\Database\\Eloquent\\Model->newQuery()
#16 /home/zvonimir/Desktop/Projekti/Posao/Mina Malbasic/Saksijsko_Cvece/routes/web.php(34): Illuminate\\Database\\Eloquent\\Model::all()
#17 /home/zvonimir/Desktop/Projekti/Posao/Mina Malbasic/Saksijsko_Cvece/vendor/laravel/framework/src/Illuminate/Routing/Route.php(198): Illuminate\\Routing\\Router->{closure}()
#18 /home/zvonimir/Desktop/Projekti/Posao/Mina Malbasic/Saksijsko_Cvece/vendor/laravel/framework/src/Illuminate/Routing/Route.php(172): Illuminate\\Routing\\Route->runCallable()
#19 /home/zvonimir/Desktop/Projekti/Posao/Mina Malbasic/Saksijsko_Cvece/vendor/laravel/framework/src/Illuminate/Routing/Router.php(679): Illuminate\\Routing\\Route->run()
#20 /home/zvonimir/Desktop/Projekti/Posao/Mina Malbasic/Saksijsko_Cvece/vendor/laravel/framework/src/Illuminate/Routing/Pipeline.php(30): Illuminate\\Routing\\Router->Illuminate\\Routing\\{closure}(Object(Illuminate\\Http\\Request))
#21 /home/zvonimir/Desktop/Projekti/Posao/Mina Malbasic/Saksijsko_Cvece/vendor/laravel/framework/src/Illuminate/Routing/Middleware/SubstituteBindings.php(41): Illuminate\\Routing\\Pipeline->Illuminate\\Routing\\{closure}(Object(Illuminate\\Http\\Request))
#22 /home/zvonimir/Desktop/Projekti/Posao/Mina Malbasic/Saksijsko_Cvece/vendor/laravel/framework/src/Illuminate/Pipeline/Pipeline.php(151): Illuminate\\Routing\\Middleware\\SubstituteBindings->handle(Object(Illuminate\\Http\\Request), Object(Closure))
#23 /home/zvonimir/Desktop/Projekti/Posao/Mina Malbasic/Saksijsko_Cvece/vendor/laravel/framework/src/Illuminate/Routing/Pipeline.php(53): Illuminate\\Pipeline\\Pipeline->Illuminate\\Pipeline\\{closure}(Object(Illuminate\\Http\\Request))
#24 /home/zvonimir/Desktop/Projekti/Posao/Mina Malbasic/Saksijsko_Cvece/vendor/laravel/framework/src/Illuminate/Foundation/Http/Middleware/VerifyCsrfToken.php(75): Illuminate\\Routing\\Pipeline->Illuminate\\Routing\\{closure}(Object(Illuminate\\Http\\Request))
#25 /home/zvonimir/Desktop/Projekti/Posao/Mina Malbasic/Saksijsko_Cvece/vendor/laravel/framework/src/Illuminate/Pipeline/Pipeline.php(151): Illuminate\\Foundation\\Http\\Middleware\\VerifyCsrfToken->handle(Object(Illuminate\\Http\\Request), Object(Closure))
#26 /home/zvonimir/Desktop/Projekti/Posao/Mina Malbasic/Saksijsko_Cvece/vendor/laravel/framework/src/Illuminate/Routing/Pipeline.php(53): Illuminate\\Pipeline\\Pipeline->Illuminate\\Pipeline\\{closure}(Object(Illuminate\\Http\\Request))
#27 /home/zvonimir/Desktop/Projekti/Posao/Mina Malbasic/Saksijsko_Cvece/vendor/laravel/framework/src/Illuminate/View/Middleware/ShareErrorsFromSession.php(49): Illuminate\\Routing\\Pipeline->Illuminate\\Routing\\{closure}(Object(Illuminate\\Http\\Request))
#28 /home/zvonimir/Desktop/Projekti/Posao/Mina Malbasic/Saksijsko_Cvece/vendor/laravel/framework/src/Illuminate/Pipeline/Pipeline.php(151): Illuminate\\View\\Middleware\\ShareErrorsFromSession->handle(Object(Illuminate\\Http\\Request), Object(Closure))
#29 /home/zvonimir/Desktop/Projekti/Posao/Mina Malbasic/Saksijsko_Cvece/vendor/laravel/framework/src/Illuminate/Routing/Pipeline.php(53): Illuminate\\Pipeline\\Pipeline->Illuminate\\Pipeline\\{closure}(Object(Illuminate\\Http\\Request))
#30 /home/zvonimir/Desktop/Projekti/Posao/Mina Malbasic/Saksijsko_Cvece/vendor/laravel/framework/src/Illuminate/Session/Middleware/StartSession.php(63): Illuminate\\Routing\\Pipeline->Illuminate\\Routing\\{closure}(Object(Illuminate\\Http\\Request))
#31 /home/zvonimir/Desktop/Projekti/Posao/Mina Malbasic/Saksijsko_Cvece/vendor/laravel/framework/src/Illuminate/Pipeline/Pipeline.php(151): Illuminate\\Session\\Middleware\\StartSession->handle(Object(Illuminate\\Http\\Request), Object(Closure))
#32 /home/zvonimir/Desktop/Projekti/Posao/Mina Malbasic/Saksijsko_Cvece/vendor/laravel/framework/src/Illuminate/Routing/Pipeline.php(53): Illuminate\\Pipeline\\Pipeline->Illuminate\\Pipeline\\{closure}(Object(Illuminate\\Http\\Request))
#33 /home/zvonimir/Desktop/Projekti/Posao/Mina Malbasic/Saksijsko_Cvece/vendor/laravel/framework/src/Illuminate/Cookie/Middleware/AddQueuedCookiesToResponse.php(37): Illuminate\\Routing\\Pipeline->Illuminate\\Routing\\{closure}(Object(Illuminate\\Http\\Request))
#34 /home/zvonimir/Desktop/Projekti/Posao/Mina Malbasic/Saksijsko_Cvece/vendor/laravel/framework/src/Illuminate/Pipeline/Pipeline.php(151): Illuminate\\Cookie\\Middleware\\AddQueuedCookiesToResponse->handle(Object(Illuminate\\Http\\Request), Object(Closure))
#35 /home/zvonimir/Desktop/Projekti/Posao/Mina Malbasic/Saksijsko_Cvece/vendor/laravel/framework/src/Illuminate/Routing/Pipeline.php(53): Illuminate\\Pipeline\\Pipeline->Illuminate\\Pipeline\\{closure}(Object(Illuminate\\Http\\Request))
#36 /home/zvonimir/Desktop/Projekti/Posao/Mina Malbasic/Saksijsko_Cvece/vendor/laravel/framework/src/Illuminate/Cookie/Middleware/EncryptCookies.php(66): Illuminate\\Routing\\Pipeline->Illuminate\\Routing\\{closure}(Object(Illuminate\\Http\\Request))
#37 /home/zvonimir/Desktop/Projekti/Posao/Mina Malbasic/Saksijsko_Cvece/vendor/laravel/framework/src/Illuminate/Pipeline/Pipeline.php(151): Illuminate\\Cookie\\Middleware\\EncryptCookies->handle(Object(Illuminate\\Http\\Request), Object(Closure))
#38 /home/zvonimir/Desktop/Projekti/Posao/Mina Malbasic/Saksijsko_Cvece/vendor/laravel/framework/src/Illuminate/Routing/Pipeline.php(53): Illuminate\\Pipeline\\Pipeline->Illuminate\\Pipeline\\{closure}(Object(Illuminate\\Http\\Request))
#39 /home/zvonimir/Desktop/Projekti/Posao/Mina Malbasic/Saksijsko_Cvece/vendor/laravel/framework/src/Illuminate/Pipeline/Pipeline.php(104): Illuminate\\Routing\\Pipeline->Illuminate\\Routing\\{closure}(Object(Illuminate\\Http\\Request))
#40 /home/zvonimir/Desktop/Projekti/Posao/Mina Malbasic/Saksijsko_Cvece/vendor/laravel/framework/src/Illuminate/Routing/Router.php(681): Illuminate\\Pipeline\\Pipeline->then(Object(Closure))
#41 /home/zvonimir/Desktop/Projekti/Posao/Mina Malbasic/Saksijsko_Cvece/vendor/laravel/framework/src/Illuminate/Routing/Router.php(656): Illuminate\\Routing\\Router->runRouteWithinStack(Object(Illuminate\\Routing\\Route), Object(Illuminate\\Http\\Request))
#42 /home/zvonimir/Desktop/Projekti/Posao/Mina Malbasic/Saksijsko_Cvece/vendor/laravel/framework/src/Illuminate/Routing/Router.php(622): Illuminate\\Routing\\Router->runRoute(Object(Illuminate\\Http\\Request), Object(Illuminate\\Routing\\Route))
#43 /home/zvonimir/Desktop/Projekti/Posao/Mina Malbasic/Saksijsko_Cvece/vendor/laravel/framework/src/Illuminate/Routing/Router.php(611): Illuminate\\Routing\\Router->dispatchToRoute(Object(Illuminate\\Http\\Request))
#44 /home/zvonimir/Desktop/Projekti/Posao/Mina Malbasic/Saksijsko_Cvece/vendor/laravel/framework/src/Illuminate/Foundation/Http/Kernel.php(176): Illuminate\\Routing\\Router->dispatch(Object(Illuminate\\Http\\Request))
#45 /home/zvonimir/Desktop/Projekti/Posao/Mina Malbasic/Saksijsko_Cvece/vendor/laravel/framework/src/Illuminate/Routing/Pipeline.php(30): Illuminate\\Foundation\\Http\\Kernel->Illuminate\\Foundation\\Http\\{closure}(Object(Illuminate\\Http\\Request))
#46 /home/zvonimir/Desktop/Projekti/Posao/Mina Malbasic/Saksijsko_Cvece/vendor/fideloper/proxy/src/TrustProxies.php(57): Illuminate\\Routing\\Pipeline->Illuminate\\Routing\\{closure}(Object(Illuminate\\Http\\Request))
#47 /home/zvonimir/Desktop/Projekti/Posao/Mina Malbasic/Saksijsko_Cvece/vendor/laravel/framework/src/Illuminate/Pipeline/Pipeline.php(151): Fideloper\\Proxy\\TrustProxies->handle(Object(Illuminate\\Http\\Request), Object(Closure))
#48 /home/zvonimir/Desktop/Projekti/Posao/Mina Malbasic/Saksijsko_Cvece/vendor/laravel/framework/src/Illuminate/Routing/Pipeline.php(53): Illuminate\\Pipeline\\Pipeline->Illuminate\\Pipeline\\{closure}(Object(Illuminate\\Http\\Request))
#49 /home/zvonimir/Desktop/Projekti/Posao/Mina Malbasic/Saksijsko_Cvece/vendor/laravel/framework/src/Illuminate/Foundation/Http/Middleware/TransformsRequest.php(31): Illuminate\\Routing\\Pipeline->Illuminate\\Routing\\{closure}(Object(Illuminate\\Http\\Request))
#50 /home/zvonimir/Desktop/Projekti/Posao/Mina Malbasic/Saksijsko_Cvece/vendor/laravel/framework/src/Illuminate/Pipeline/Pipeline.php(151): Illuminate\\Foundation\\Http\\Middleware\\TransformsRequest->handle(Object(Illuminate\\Http\\Request), Object(Closure))
#51 /home/zvonimir/Desktop/Projekti/Posao/Mina Malbasic/Saksijsko_Cvece/vendor/laravel/framework/src/Illuminate/Routing/Pipeline.php(53): Illuminate\\Pipeline\\Pipeline->Illuminate\\Pipeline\\{closure}(Object(Illuminate\\Http\\Request))
#52 /home/zvonimir/Desktop/Projekti/Posao/Mina Malbasic/Saksijsko_Cvece/vendor/laravel/framework/src/Illuminate/Foundation/Http/Middleware/TransformsRequest.php(31): Illuminate\\Routing\\Pipeline->Illuminate\\Routing\\{closure}(Object(Illuminate\\Http\\Request))
#53 /home/zvonimir/Desktop/Projekti/Posao/Mina Malbasic/Saksijsko_Cvece/vendor/laravel/framework/src/Illuminate/Pipeline/Pipeline.php(151): Illuminate\\Foundation\\Http\\Middleware\\TransformsRequest->handle(Object(Illuminate\\Http\\Request), Object(Closure))
#54 /home/zvonimir/Desktop/Projekti/Posao/Mina Malbasic/Saksijsko_Cvece/vendor/laravel/framework/src/Illuminate/Routing/Pipeline.php(53): Illuminate\\Pipeline\\Pipeline->Illuminate\\Pipeline\\{closure}(Object(Illuminate\\Http\\Request))
#55 /home/zvonimir/Desktop/Projekti/Posao/Mina Malbasic/Saksijsko_Cvece/vendor/laravel/framework/src/Illuminate/Foundation/Http/Middleware/ValidatePostSize.php(27): Illuminate\\Routing\\Pipeline->Illuminate\\Routing\\{closure}(Object(Illuminate\\Http\\Request))
#56 /home/zvonimir/Desktop/Projekti/Posao/Mina Malbasic/Saksijsko_Cvece/vendor/laravel/framework/src/Illuminate/Pipeline/Pipeline.php(151): Illuminate\\Foundation\\Http\\Middleware\\ValidatePostSize->handle(Object(Illuminate\\Http\\Request), Object(Closure))
#57 /home/zvonimir/Desktop/Projekti/Posao/Mina Malbasic/Saksijsko_Cvece/vendor/laravel/framework/src/Illuminate/Routing/Pipeline.php(53): Illuminate\\Pipeline\\Pipeline->Illuminate\\Pipeline\\{closure}(Object(Illuminate\\Http\\Request))
#58 /home/zvonimir/Desktop/Projekti/Posao/Mina Malbasic/Saksijsko_Cvece/vendor/laravel/framework/src/Illuminate/Foundation/Http/Middleware/CheckForMaintenanceMode.php(62): Illuminate\\Routing\\Pipeline->Illuminate\\Routing\\{closure}(Object(Illuminate\\Http\\Request))
#59 /home/zvonimir/Desktop/Projekti/Posao/Mina Malbasic/Saksijsko_Cvece/vendor/laravel/framework/src/Illuminate/Pipeline/Pipeline.php(151): Illuminate\\Foundation\\Http\\Middleware\\CheckForMaintenanceMode->handle(Object(Illuminate\\Http\\Request), Object(Closure))
#60 /home/zvonimir/Desktop/Projekti/Posao/Mina Malbasic/Saksijsko_Cvece/vendor/laravel/framework/src/Illuminate/Routing/Pipeline.php(53): Illuminate\\Pipeline\\Pipeline->Illuminate\\Pipeline\\{closure}(Object(Illuminate\\Http\\Request))
#61 /home/zvonimir/Desktop/Projekti/Posao/Mina Malbasic/Saksijsko_Cvece/vendor/laravel/framework/src/Illuminate/Pipeline/Pipeline.php(104): Illuminate\\Routing\\Pipeline->Illuminate\\Routing\\{closure}(Object(Illuminate\\Http\\Request))
#62 /home/zvonimir/Desktop/Projekti/Posao/Mina Malbasic/Saksijsko_Cvece/vendor/laravel/framework/src/Illuminate/Foundation/Http/Kernel.php(151): Illuminate\\Pipeline\\Pipeline->then(Object(Closure))
#63 /home/zvonimir/Desktop/Projekti/Posao/Mina Malbasic/Saksijsko_Cvece/vendor/laravel/framework/src/Illuminate/Foundation/Http/Kernel.php(116): Illuminate\\Foundation\\Http\\Kernel->sendRequestThroughRouter(Object(Illuminate\\Http\\Request))
#64 /home/zvonimir/Desktop/Projekti/Posao/Mina Malbasic/Saksijsko_Cvece/public/index.php(55): Illuminate\\Foundation\\Http\\Kernel->handle(Object(Illuminate\\Http\\Request))
#65 /home/zvonimir/Desktop/Projekti/Posao/Mina Malbasic/Saksijsko_Cvece/server.php(21): require_once('/home/zvonimir/...')
#66 {main}
"} 
