[2018-12-10 22:16:32] local.ERROR: Command "server.php" is not defined. {"exception":"[object] (Symfony\\Component\\Console\\Exception\\CommandNotFoundException(code: 0): Command \"server.php\" is not defined. at /home/zvonimir/Desktop/Projekti/Posao/Mina Malbasic/Saksijsko_Cvece/vendor/symfony/console/Application.php:632)
[stacktrace]
#0 /home/zvonimir/Desktop/Projekti/Posao/Mina Malbasic/Saksijsko_Cvece/vendor/symfony/console/Application.php(226): Symfony\\Component\\Console\\Application->find('server.php')
#1 /home/zvonimir/Desktop/Projekti/Posao/Mina Malbasic/Saksijsko_Cvece/vendor/symfony/console/Application.php(145): Symfony\\Component\\Console\\Application->doRun(Object(Symfony\\Component\\Console\\Input\\ArgvInput), Object(Symfony\\Component\\Console\\Output\\ConsoleOutput))
#2 /home/zvonimir/Desktop/Projekti/Posao/Mina Malbasic/Saksijsko_Cvece/vendor/laravel/framework/src/Illuminate/Console/Application.php(89): Symfony\\Component\\Console\\Application->run(Object(Symfony\\Component\\Console\\Input\\ArgvInput), Object(Symfony\\Component\\Console\\Output\\ConsoleOutput))
#3 /home/zvonimir/Desktop/Projekti/Posao/Mina Malbasic/Saksijsko_Cvece/vendor/laravel/framework/src/Illuminate/Foundation/Console/Kernel.php(122): Illuminate\\Console\\Application->run(Object(Symfony\\Component\\Console\\Input\\ArgvInput), Object(Symfony\\Component\\Console\\Output\\ConsoleOutput))
#4 /home/zvonimir/Desktop/Projekti/Posao/Mina Malbasic/Saksijsko_Cvece/artisan(37): Illuminate\\Foundation\\Console\\Kernel->handle(Object(Symfony\\Component\\Console\\Input\\ArgvInput), Object(Symfony\\Component\\Console\\Output\\ConsoleOutput))
#5 {main}
"} 
[2018-12-10 22:59:21] local.ERROR: SQLSTATE[HY000]: General error: 1 no such table: articles (SQL: select * from "articles") {"exception":"[object] (Illuminate\\Database\\QueryException(code: HY000): SQLSTATE[HY000]: General error: 1 no such table: articles (SQL: select * from \"articles\") at /home/zvonimir/Desktop/Projekti/Posao/Mina Malbasic/Saksijsko_Cvece/vendor/laravel/framework/src/Illuminate/Database/Connection.php:664, PDOException(code: HY000): SQLSTATE[HY000]: General error: 1 no such table: articles at /home/zvonimir/Desktop/Projekti/Posao/Mina Malbasic/Saksijsko_Cvece/vendor/laravel/framework/src/Illuminate/Database/Connection.php:326)
[stacktrace]
#0 /home/zvonimir/Desktop/Projekti/Posao/Mina Malbasic/Saksijsko_Cvece/vendor/laravel/framework/src/Illuminate/Database/Connection.php(624): Illuminate\\Database\\Connection->runQueryCallback('select * from \"...', Array, Object(Closure))
#1 /home/zvonimir/Desktop/Projekti/Posao/Mina Malbasic/Saksijsko_Cvece/vendor/laravel/framework/src/Illuminate/Database/Connection.php(333): Illuminate\\Database\\Connection->run('select * from \"...', Array, Object(Closure))
#2 /home/zvonimir/Desktop/Projekti/Posao/Mina Malbasic/Saksijsko_Cvece/vendor/laravel/framework/src/Illuminate/Database/Query/Builder.php(2027): Illuminate\\Database\\Connection->select('select * from \"...', Array, true)
#3 /home/zvonimir/Desktop/Projekti/Posao/Mina Malbasic/Saksijsko_Cvece/vendor/laravel/framework/src/Illuminate/Database/Query/Builder.php(2015): Illuminate\\Database\\Query\\Builder->runSelect()
#4 /home/zvonimir/Desktop/Projekti/Posao/Mina Malbasic/Saksijsko_Cvece/vendor/laravel/framework/src/Illuminate/Database/Query/Builder.php(2499): Illuminate\\Database\\Query\\Builder->Illuminate\\Database\\Query\\{closure}()
#5 /home/zvonimir/Desktop/Projekti/Posao/Mina Malbasic/Saksijsko_Cvece/vendor/laravel/framework/src/Illuminate/Database/Query/Builder.php(2016): Illuminate\\Database\\Query\\Builder->onceWithColumns(Array, Object(Closure))
#6 /home/zvonimir/Desktop/Projekti/Posao/Mina Malbasic/Saksijsko_Cvece/vendor/laravel/framework/src/Illuminate/Database/Eloquent/Builder.php(516): Illuminate\\Database\\Query\\Builder->get(Array)
#7 /home/zvonimir/Desktop/Projekti/Posao/Mina Malbasic/Saksijsko_Cvece/vendor/laravel/framework/src/Illuminate/Database/Eloquent/Builder.php(500): Illuminate\\Database\\Eloquent\\Builder->getModels(Array)
#8 /home/zvonimir/Desktop/Projekti/Posao/Mina Malbasic/Saksijsko_Cvece/vendor/laravel/framework/src/Illuminate/Database/Eloquent/Model.php(461): Illuminate\\Database\\Eloquent\\Builder->get(Array)
#9 /home/zvonimir/Desktop/Projekti/Posao/Mina Malbasic/Saksijsko_Cvece/routes/web.php(34): Illuminate\\Database\\Eloquent\\Model::all()
#10 /home/zvonimir/Desktop/Projekti/Posao/Mina Malbasic/Saksijsko_Cvece/vendor/laravel/framework/src/Illuminate/Routing/Route.php(198): Illuminate\\Routing\\Router->{closure}()
#11 /home/zvonimir/Desktop/Projekti/Posao/Mina Malbasic/Saksijsko_Cvece/vendor/laravel/framework/src/Illuminate/Routing/Route.php(172): Illuminate\\Routing\\Route->runCallable()
#12 /home/zvonimir/Desktop/Projekti/Posao/Mina Malbasic/Saksijsko_Cvece/vendor/laravel/framework/src/Illuminate/Routing/Router.php(679): Illuminate\\Routing\\Route->run()
#13 /home/zvonimir/Desktop/Projekti/Posao/Mina Malbasic/Saksijsko_Cvece/vendor/laravel/framework/src/Illuminate/Routing/Pipeline.php(30): Illuminate\\Routing\\Router->Illuminate\\Routing\\{closure}(Object(Illuminate\\Http\\Request))
#14 /home/zvonimir/Desktop/Projekti/Posao/Mina Malbasic/Saksijsko_Cvece/vendor/laravel/framework/src/Illuminate/Routing/Middleware/SubstituteBindings.php(41): Illuminate\\Routing\\Pipeline->Illuminate\\Routing\\{closure}(Object(Illuminate\\Http\\Request))
#15 /home/zvonimir/Desktop/Projekti/Posao/Mina Malbasic/Saksijsko_Cvece/vendor/laravel/framework/src/Illuminate/Pipeline/Pipeline.php(151): Illuminate\\Routing\\Middleware\\SubstituteBindings->handle(Object(Illuminate\\Http\\Request), Object(Closure))
#16 /home/zvonimir/Desktop/Projekti/Posao/Mina Malbasic/Saksijsko_Cvece/vendor/laravel/framework/src/Illuminate/Routing/Pipeline.php(53): Illuminate\\Pipeline\\Pipeline->Illuminate\\Pipeline\\{closure}(Object(Illuminate\\Http\\Request))
#17 /home/zvonimir/Desktop/Projekti/Posao/Mina Malbasic/Saksijsko_Cvece/vendor/laravel/framework/src/Illuminate/Foundation/Http/Middleware/VerifyCsrfToken.php(75): Illuminate\\Routing\\Pipeline->Illuminate\\Routing\\{closure}(Object(Illuminate\\Http\\Request))
#18 /home/zvonimir/Desktop/Projekti/Posao/Mina Malbasic/Saksijsko_Cvece/vendor/laravel/framework/src/Illuminate/Pipeline/Pipeline.php(151): Illuminate\\Foundation\\Http\\Middleware\\VerifyCsrfToken->handle(Object(Illuminate\\Http\\Request), Object(Closure))
#19 /home/zvonimir/Desktop/Projekti/Posao/Mina Malbasic/Saksijsko_Cvece/vendor/laravel/framework/src/Illuminate/Routing/Pipeline.php(53): Illuminate\\Pipeline\\Pipeline->Illuminate\\Pipeline\\{closure}(Object(Illuminate\\Http\\Request))
#20 /home/zvonimir/Desktop/Projekti/Posao/Mina Malbasic/Saksijsko_Cvece/vendor/laravel/framework/src/Illuminate/View/Middleware/ShareErrorsFromSession.php(49): Illuminate\\Routing\\Pipeline->Illuminate\\Routing\\{closure}(Object(Illuminate\\Http\\Request))
#21 /home/zvonimir/Desktop/Projekti/Posao/Mina Malbasic/Saksijsko_Cvece/vendor/laravel/framework/src/Illuminate/Pipeline/Pipeline.php(151): Illuminate\\View\\Middleware\\ShareErrorsFromSession->handle(Object(Illuminate\\Http\\Request), Object(Closure))
#22 /home/zvonimir/Desktop/Projekti/Posao/Mina Malbasic/Saksijsko_Cvece/vendor/laravel/framework/src/Illuminate/Routing/Pipeline.php(53): Illuminate\\Pipeline\\Pipeline->Illuminate\\Pipeline\\{closure}(Object(Illuminate\\Http\\Request))
#23 /home/zvonimir/Desktop/Projekti/Posao/Mina Malbasic/Saksijsko_Cvece/vendor/laravel/framework/src/Illuminate/Session/Middleware/StartSession.php(63): Illuminate\\Routing\\Pipeline->Illuminate\\Routing\\{closure}(Object(Illuminate\\Http\\Request))
#24 /home/zvonimir/Desktop/Projekti/Posao/Mina Malbasic/Saksijsko_Cvece/vendor/laravel/framework/src/Illuminate/Pipeline/Pipeline.php(151): Illuminate\\Session\\Middleware\\StartSession->handle(Object(Illuminate\\Http\\Request), Object(Closure))
#25 /home/zvonimir/Desktop/Projekti/Posao/Mina Malbasic/Saksijsko_Cvece/vendor/laravel/framework/src/Illuminate/Routing/Pipeline.php(53): Illuminate\\Pipeline\\Pipeline->Illuminate\\Pipeline\\{closure}(Object(Illuminate\\Http\\Request))
#26 /home/zvonimir/Desktop/Projekti/Posao/Mina Malbasic/Saksijsko_Cvece/vendor/laravel/framework/src/Illuminate/Cookie/Middleware/AddQueuedCookiesToResponse.php(37): Illuminate\\Routing\\Pipeline->Illuminate\\Routing\\{closure}(Object(Illuminate\\Http\\Request))
#27 /home/zvonimir/Desktop/Projekti/Posao/Mina Malbasic/Saksijsko_Cvece/vendor/laravel/framework/src/Illuminate/Pipeline/Pipeline.php(151): Illuminate\\Cookie\\Middleware\\AddQueuedCookiesToResponse->handle(Object(Illuminate\\Http\\Request), Object(Closure))
#28 /home/zvonimir/Desktop/Projekti/Posao/Mina Malbasic/Saksijsko_Cvece/vendor/laravel/framework/src/Illuminate/Routing/Pipeline.php(53): Illuminate\\Pipeline\\Pipeline->Illuminate\\Pipeline\\{closure}(Object(Illuminate\\Http\\Request))
#29 /home/zvonimir/Desktop/Projekti/Posao/Mina Malbasic/Saksijsko_Cvece/vendor/laravel/framework/src/Illuminate/Cookie/Middleware/EncryptCookies.php(66): Illuminate\\Routing\\Pipeline->Illuminate\\Routing\\{closure}(Object(Illuminate\\Http\\Request))
#30 /home/zvonimir/Desktop/Projekti/Posao/Mina Malbasic/Saksijsko_Cvece/vendor/laravel/framework/src/Illuminate/Pipeline/Pipeline.php(151): Illuminate\\Cookie\\Middleware\\EncryptCookies->handle(Object(Illuminate\\Http\\Request), Object(Closure))
#31 /home/zvonimir/Desktop/Projekti/Posao/Mina Malbasic/Saksijsko_Cvece/vendor/laravel/framework/src/Illuminate/Routing/Pipeline.php(53): Illuminate\\Pipeline\\Pipeline->Illuminate\\Pipeline\\{closure}(Object(Illuminate\\Http\\Request))
#32 /home/zvonimir/Desktop/Projekti/Posao/Mina Malbasic/Saksijsko_Cvece/vendor/laravel/framework/src/Illuminate/Pipeline/Pipeline.php(104): Illuminate\\Routing\\Pipeline->Illuminate\\Routing\\{closure}(Object(Illuminate\\Http\\Request))
#33 /home/zvonimir/Desktop/Projekti/Posao/Mina Malbasic/Saksijsko_Cvece/vendor/laravel/framework/src/Illuminate/Routing/Router.php(681): Illuminate\\Pipeline\\Pipeline->then(Object(Closure))
#34 /home/zvonimir/Desktop/Projekti/Posao/Mina Malbasic/Saksijsko_Cvece/vendor/laravel/framework/src/Illuminate/Routing/Router.php(656): Illuminate\\Routing\\Router->runRouteWithinStack(Object(Illuminate\\Routing\\Route), Object(Illuminate\\Http\\Request))
#35 /home/zvonimir/Desktop/Projekti/Posao/Mina Malbasic/Saksijsko_Cvece/vendor/laravel/framework/src/Illuminate/Routing/Router.php(622): Illuminate\\Routing\\Router->runRoute(Object(Illuminate\\Http\\Request), Object(Illuminate\\Routing\\Route))
#36 /home/zvonimir/Desktop/Projekti/Posao/Mina Malbasic/Saksijsko_Cvece/vendor/laravel/framework/src/Illuminate/Routing/Router.php(611): Illuminate\\Routing\\Router->dispatchToRoute(Object(Illuminate\\Http\\Request))
#37 /home/zvonimir/Desktop/Projekti/Posao/Mina Malbasic/Saksijsko_Cvece/vendor/laravel/framework/src/Illuminate/Foundation/Http/Kernel.php(176): Illuminate\\Routing\\Router->dispatch(Object(Illuminate\\Http\\Request))
#38 /home/zvonimir/Desktop/Projekti/Posao/Mina Malbasic/Saksijsko_Cvece/vendor/laravel/framework/src/Illuminate/Routing/Pipeline.php(30): Illuminate\\Foundation\\Http\\Kernel->Illuminate\\Foundation\\Http\\{closure}(Object(Illuminate\\Http\\Request))
#39 /home/zvonimir/Desktop/Projekti/Posao/Mina Malbasic/Saksijsko_Cvece/vendor/fideloper/proxy/src/TrustProxies.php(57): Illuminate\\Routing\\Pipeline->Illuminate\\Routing\\{closure}(Object(Illuminate\\Http\\Request))
#40 /home/zvonimir/Desktop/Projekti/Posao/Mina Malbasic/Saksijsko_Cvece/vendor/laravel/framework/src/Illuminate/Pipeline/Pipeline.php(151): Fideloper\\Proxy\\TrustProxies->handle(Object(Illuminate\\Http\\Request), Object(Closure))
#41 /home/zvonimir/Desktop/Projekti/Posao/Mina Malbasic/Saksijsko_Cvece/vendor/laravel/framework/src/Illuminate/Routing/Pipeline.php(53): Illuminate\\Pipeline\\Pipeline->Illuminate\\Pipeline\\{closure}(Object(Illuminate\\Http\\Request))
#42 /home/zvonimir/Desktop/Projekti/Posao/Mina Malbasic/Saksijsko_Cvece/vendor/laravel/framework/src/Illuminate/Foundation/Http/Middleware/TransformsRequest.php(31): Illuminate\\Routing\\Pipeline->Illuminate\\Routing\\{closure}(Object(Illuminate\\Http\\Request))
#43 /home/zvonimir/Desktop/Projekti/Posao/Mina Malbasic/Saksijsko_Cvece/vendor/laravel/framework/src/Illuminate/Pipeline/Pipeline.php(151): Illuminate\\Foundation\\Http\\Middleware\\TransformsRequest->handle(Object(Illuminate\\Http\\Request), Object(Closure))
#44 /home/zvonimir/Desktop/Projekti/Posao/Mina Malbasic/Saksijsko_Cvece/vendor/laravel/framework/src/Illuminate/Routing/Pipeline.php(53): Illuminate\\Pipeline\\Pipeline->Illuminate\\Pipeline\\{closure}(Object(Illuminate\\Http\\Request))
#45 /home/zvonimir/Desktop/Projekti/Posao/Mina Malbasic/Saksijsko_Cvece/vendor/laravel/framework/src/Illuminate/Foundation/Http/Middleware/TransformsRequest.php(31): Illuminate\\Routing\\Pipeline->Illuminate\\Routing\\{closure}(Object(Illuminate\\Http\\Request))
#46 /home/zvonimir/Desktop/Projekti/Posao/Mina Malbasic/Saksijsko_Cvece/vendor/laravel/framework/src/Illuminate/Pipeline/Pipeline.php(151): Illuminate\\Foundation\\Http\\Middleware\\TransformsRequest->handle(Object(Illuminate\\Http\\Request), Object(Closure))
#47 /home/zvonimir/Desktop/Projekti/Posao/Mina Malbasic/Saksijsko_Cvece/vendor/laravel/framework/src/Illuminate/Routing/Pipeline.php(53): Illuminate\\Pipeline\\Pipeline->Illuminate\\Pipeline\\{closure}(Object(Illuminate\\Http\\Request))
#48 /home/zvonimir/Desktop/Projekti/Posao/Mina Malbasic/Saksijsko_Cvece/vendor/laravel/framework/src/Illuminate/Foundation/Http/Middleware/ValidatePostSize.php(27): Illuminate\\Routing\\Pipeline->Illuminate\\Routing\\{closure}(Object(Illuminate\\Http\\Request))
#49 /home/zvonimir/Desktop/Projekti/Posao/Mina Malbasic/Saksijsko_Cvece/vendor/laravel/framework/src/Illuminate/Pipeline/Pipeline.php(151): Illuminate\\Foundation\\Http\\Middleware\\ValidatePostSize->handle(Object(Illuminate\\Http\\Request), Object(Closure))
#50 /home/zvonimir/Desktop/Projekti/Posao/Mina Malbasic/Saksijsko_Cvece/vendor/laravel/framework/src/Illuminate/Routing/Pipeline.php(53): Illuminate\\Pipeline\\Pipeline->Illuminate\\Pipeline\\{closure}(Object(Illuminate\\Http\\Request))
#51 /home/zvonimir/Desktop/Projekti/Posao/Mina Malbasic/Saksijsko_Cvece/vendor/laravel/framework/src/Illuminate/Foundation/Http/Middleware/CheckForMaintenanceMode.php(62): Illuminate\\Routing\\Pipeline->Illuminate\\Routing\\{closure}(Object(Illuminate\\Http\\Request))
#52 /home/zvonimir/Desktop/Projekti/Posao/Mina Malbasic/Saksijsko_Cvece/vendor/laravel/framework/src/Illuminate/Pipeline/Pipeline.php(151): Illuminate\\Foundation\\Http\\Middleware\\CheckForMaintenanceMode->handle(Object(Illuminate\\Http\\Request), Object(Closure))
#53 /home/zvonimir/Desktop/Projekti/Posao/Mina Malbasic/Saksijsko_Cvece/vendor/laravel/framework/src/Illuminate/Routing/Pipeline.php(53): Illuminate\\Pipeline\\Pipeline->Illuminate\\Pipeline\\{closure}(Object(Illuminate\\Http\\Request))
#54 /home/zvonimir/Desktop/Projekti/Posao/Mina Malbasic/Saksijsko_Cvece/vendor/laravel/framework/src/Illuminate/Pipeline/Pipeline.php(104): Illuminate\\Routing\\Pipeline->Illuminate\\Routing\\{closure}(Object(Illuminate\\Http\\Request))
#55 /home/zvonimir/Desktop/Projekti/Posao/Mina Malbasic/Saksijsko_Cvece/vendor/laravel/framework/src/Illuminate/Foundation/Http/Kernel.php(151): Illuminate\\Pipeline\\Pipeline->then(Object(Closure))
#56 /home/zvonimir/Desktop/Projekti/Posao/Mina Malbasic/Saksijsko_Cvece/vendor/laravel/framework/src/Illuminate/Foundation/Http/Kernel.php(116): Illuminate\\Foundation\\Http\\Kernel->sendRequestThroughRouter(Object(Illuminate\\Http\\Request))
#57 /home/zvonimir/Desktop/Projekti/Posao/Mina Malbasic/Saksijsko_Cvece/public/index.php(55): Illuminate\\Foundation\\Http\\Kernel->handle(Object(Illuminate\\Http\\Request))
#58 /home/zvonimir/Desktop/Projekti/Posao/Mina Malbasic/Saksijsko_Cvece/server.php(21): require_once('/home/zvonimir/...')
#59 {main}
"} 
